# JRE version: Java(TM) SE Runtime Environment (24.0.2+12) (build 24.0.2+12-54)
# Java VM: Java HotSpot(TM) 64-Bit Server VM (24.0.2+12-54, mixed mode, sharing, tiered, compressed oops, compressed class ptrs, g1 gc, windows-amd64)
GC Precious Log:
 CardTable entry size: 512
 Card Set container configuration: InlinePtr #cards 5 size 8 Array Of Cards #cards 10 size 36 Howl #buckets 4 coarsen threshold 1843 Howl Bitmap #cards 512 size 80 coarsen threshold 460 Card regions per heap region 1 cards per card region 2048
 CPUs: 8 total, 8 available
 Memory: 8046M
 Large Page Support: Disabled
 NUMA Support: Disabled
 Compressed Oops: Enabled (32-bit)
 Heap Region Size: 1M
 Heap Min Capacity: 8M
 Heap Initial Capacity: 126M
 Heap Max Capacity: 2012M
 Pre-touch: Disabled
 Parallel Workers: 8
 Concurrent Workers: 2
 Concurrent Refinement Workers: 8
 Periodic GC: Disabled
Heap:
 garbage-first heap   total reserved 2060288K, committed 84992K, used 49347K [0x0000000082400000, 0x0000000100000000)
  region size 1024K, 18 young (18432K), 2 survivors (2048K)
 Metaspace       used 31066K, committed 31488K, reserved 1114112K
  class space    used 3076K, committed 3264K, reserved 1048576K
GC Heap History (20 events):
Event: 2.171 GC heap before
{Heap before GC invocations=0 (full 0):
 garbage-first heap   total reserved 2060288K, committed 131072K, used 49268K [0x0000000082400000, 0x0000000100000000)
  region size 1024K, 47 young (48128K), 0 survivors (0K)
 Metaspace       used 9392K, committed 9600K, reserved 1114112K
  class space    used 846K, committed 960K, reserved 1048576K
}
Event: 2.181 GC heap after
{Heap after GC invocations=1 (full 0):
 garbage-first heap   total reserved 2060288K, committed 131072K, used 5577K [0x0000000082400000, 0x0000000100000000)
  region size 1024K, 5 young (5120K), 5 survivors (5120K)
 Metaspace       used 9392K, committed 9600K, reserved 1114112K
  class space    used 846K, committed 960K, reserved 1048576K
}
Event: 5.152 GC heap before
{Heap before GC invocations=1 (full 0):
 garbage-first heap   total reserved 2060288K, committed 131072K, used 60873K [0x0000000082400000, 0x0000000100000000)
  region size 1024K, 59 young (60416K), 5 survivors (5120K)
 Metaspace       used 15803K, committed 16064K, reserved 1114112K
  class space    used 1559K, committed 1664K, reserved 1048576K
}
Event: 5.178 GC heap after
{Heap after GC invocations=2 (full 0):
 garbage-first heap   total reserved 2060288K, committed 131072K, used 10421K [0x0000000082400000, 0x0000000100000000)
  region size 1024K, 5 young (5120K), 5 survivors (5120K)
 Metaspace       used 15803K, committed 16064K, reserved 1114112K
  class space    used 1559K, committed 1664K, reserved 1048576K
}
Event: 7.858 GC heap before
{Heap before GC invocations=2 (full 0):
 garbage-first heap   total reserved 2060288K, committed 131072K, used 66741K [0x0000000082400000, 0x0000000100000000)
  region size 1024K, 61 young (62464K), 5 survivors (5120K)
 Metaspace       used 21156K, committed 21504K, reserved 1114112K
  class space    used 2065K, committed 2240K, reserved 1048576K
}
Event: 7.876 GC heap after
{Heap after GC invocations=3 (full 0):
 garbage-first heap   total reserved 2060288K, committed 131072K, used 14540K [0x0000000082400000, 0x0000000100000000)
  region size 1024K, 5 young (5120K), 5 survivors (5120K)
 Metaspace       used 21156K, committed 21504K, reserved 1114112K
  class space    used 2065K, committed 2240K, reserved 1048576K
}
Event: 9.146 GC heap before
{Heap before GC invocations=4 (full 0):
 garbage-first heap   total reserved 2060288K, committed 55296K, used 42188K [0x0000000082400000, 0x0000000100000000)
  region size 1024K, 32 young (32768K), 5 survivors (5120K)
 Metaspace       used 26781K, committed 27200K, reserved 1114112K
  class space    used 2634K, committed 2816K, reserved 1048576K
}
Event: 9.174 GC heap after
{Heap after GC invocations=5 (full 0):
 garbage-first heap   total reserved 2060288K, committed 55296K, used 21297K [0x0000000082400000, 0x0000000100000000)
  region size 1024K, 4 young (4096K), 4 survivors (4096K)
 Metaspace       used 26781K, committed 27200K, reserved 1114112K
  class space    used 2634K, committed 2816K, reserved 1048576K
}
Event: 9.433 GC heap before
{Heap before GC invocations=5 (full 0):
 garbage-first heap   total reserved 2060288K, committed 55296K, used 41777K [0x0000000082400000, 0x0000000100000000)
  region size 1024K, 24 young (24576K), 4 survivors (4096K)
 Metaspace       used 26908K, committed 27264K, reserved 1114112K
  class space    used 2640K, committed 2816K, reserved 1048576K
}
Event: 9.456 GC heap after
{Heap after GC invocations=6 (full 0):
 garbage-first heap   total reserved 2060288K, committed 55296K, used 25389K [0x0000000082400000, 0x0000000100000000)
  region size 1024K, 3 young (3072K), 3 survivors (3072K)
 Metaspace       used 26908K, committed 27264K, reserved 1114112K
  class space    used 2640K, committed 2816K, reserved 1048576K
}
Event: 9.730 GC heap before
{Heap before GC invocations=6 (full 0):
 garbage-first heap   total reserved 2060288K, committed 55296K, used 43821K [0x0000000082400000, 0x0000000100000000)
  region size 1024K, 21 young (21504K), 3 survivors (3072K)
 Metaspace       used 27202K, committed 27648K, reserved 1114112K
  class space    used 2659K, committed 2880K, reserved 1048576K
}
Event: 9.749 GC heap after
{Heap after GC invocations=7 (full 0):
 garbage-first heap   total reserved 2060288K, committed 55296K, used 28882K [0x0000000082400000, 0x0000000100000000)
  region size 1024K, 3 young (3072K), 3 survivors (3072K)
 Metaspace       used 27202K, committed 27648K, reserved 1114112K
  class space    used 2659K, committed 2880K, reserved 1048576K
}
Event: 10.544 GC heap before
{Heap before GC invocations=7 (full 0):
 garbage-first heap   total reserved 2060288K, committed 55296K, used 45266K [0x0000000082400000, 0x0000000100000000)
  region size 1024K, 19 young (19456K), 3 survivors (3072K)
 Metaspace       used 28658K, committed 29056K, reserved 1114112K
  class space    used 2812K, committed 3008K, reserved 1048576K
}
Event: 10.563 GC heap after
{Heap after GC invocations=8 (full 0):
 garbage-first heap   total reserved 2060288K, committed 55296K, used 31180K [0x0000000082400000, 0x0000000100000000)
  region size 1024K, 2 young (2048K), 2 survivors (2048K)
 Metaspace       used 28658K, committed 29056K, reserved 1114112K
  class space    used 2812K, committed 3008K, reserved 1048576K
}
Event: 11.097 GC heap before
{Heap before GC invocations=9 (full 0):
 garbage-first heap   total reserved 2060288K, committed 55296K, used 45516K [0x0000000082400000, 0x0000000100000000)
  region size 1024K, 17 young (17408K), 2 survivors (2048K)
 Metaspace       used 29339K, committed 29760K, reserved 1114112K
  class space    used 2898K, committed 3072K, reserved 1048576K
}
Event: 11.113 GC heap after
{Heap after GC invocations=10 (full 0):
 garbage-first heap   total reserved 2060288K, committed 55296K, used 32797K [0x0000000082400000, 0x0000000100000000)
  region size 1024K, 2 young (2048K), 2 survivors (2048K)
 Metaspace       used 29339K, committed 29760K, reserved 1114112K
  class space    used 2898K, committed 3072K, reserved 1048576K
}
Event: 11.590 GC heap before
{Heap before GC invocations=10 (full 0):
 garbage-first heap   total reserved 2060288K, committed 55296K, used 47133K [0x0000000082400000, 0x0000000100000000)
  region size 1024K, 16 young (16384K), 2 survivors (2048K)
 Metaspace       used 29588K, committed 30016K, reserved 1114112K
  class space    used 2910K, committed 3072K, reserved 1048576K
}
Event: 11.606 GC heap after
{Heap after GC invocations=11 (full 0):
 garbage-first heap   total reserved 2060288K, committed 84992K, used 32602K [0x0000000082400000, 0x0000000100000000)
  region size 1024K, 1 young (1024K), 1 survivors (1024K)
 Metaspace       used 29588K, committed 30016K, reserved 1114112K
  class space    used 2910K, committed 3072K, reserved 1048576K
}
Event: 12.520 GC heap before
{Heap before GC invocations=11 (full 0):
 garbage-first heap   total reserved 2060288K, committed 84992K, used 68442K [0x0000000082400000, 0x0000000100000000)
  region size 1024K, 36 young (36864K), 1 survivors (1024K)
 Metaspace       used 29885K, committed 30336K, reserved 1114112K
  class space    used 2918K, committed 3136K, reserved 1048576K
}
Event: 12.530 GC heap after
{Heap after GC invocations=12 (full 0):
 garbage-first heap   total reserved 2060288K, committed 84992K, used 33987K [0x0000000082400000, 0x0000000100000000)
  region size 1024K, 2 young (2048K), 2 survivors (2048K)
 Metaspace       used 29885K, committed 30336K, reserved 1114112K
  class space    used 2918K, committed 3136K, reserved 1048576K
}

